[2026-02-09T20:31:35.411+0000] {processor.py:161} INFO - Started process (PID=33) to work on /opt/airflow/dags/bist100_pipeline.py
[2026-02-09T20:31:35.414+0000] {processor.py:830} INFO - Processing file /opt/airflow/dags/bist100_pipeline.py for tasks to queue
[2026-02-09T20:31:35.435+0000] {logging_mixin.py:188} INFO - [2026-02-09T20:31:35.431+0000] {dagbag.py:538} INFO - Filling up the DagBag from /opt/airflow/dags/bist100_pipeline.py
[2026-02-09T20:31:35.476+0000] {logging_mixin.py:188} INFO - [2026-02-09T20:31:35.471+0000] {dagbag.py:348} ERROR - Failed to import: /opt/airflow/dags/bist100_pipeline.py
Traceback (most recent call last):
  File "/home/airflow/.local/lib/python3.8/site-packages/airflow/models/dagbag.py", line 344, in parse
    loader.exec_module(new_module)
  File "<frozen importlib._bootstrap_external>", line 843, in exec_module
  File "<frozen importlib._bootstrap>", line 219, in _call_with_frames_removed
  File "/opt/airflow/dags/bist100_pipeline.py", line 8, in <module>
    from src.collectors import fetch_bist_news
ModuleNotFoundError: No module named 'src'
[2026-02-09T20:31:35.477+0000] {processor.py:842} WARNING - No viable dags retrieved from /opt/airflow/dags/bist100_pipeline.py
[2026-02-09T20:31:35.713+0000] {processor.py:183} INFO - Processing /opt/airflow/dags/bist100_pipeline.py took 0.310 seconds
[2026-02-09T20:32:05.916+0000] {processor.py:161} INFO - Started process (PID=34) to work on /opt/airflow/dags/bist100_pipeline.py
[2026-02-09T20:32:05.919+0000] {processor.py:830} INFO - Processing file /opt/airflow/dags/bist100_pipeline.py for tasks to queue
[2026-02-09T20:32:05.924+0000] {logging_mixin.py:188} INFO - [2026-02-09T20:32:05.924+0000] {dagbag.py:538} INFO - Filling up the DagBag from /opt/airflow/dags/bist100_pipeline.py
[2026-02-09T20:32:05.936+0000] {logging_mixin.py:188} INFO - [2026-02-09T20:32:05.935+0000] {dagbag.py:348} ERROR - Failed to import: /opt/airflow/dags/bist100_pipeline.py
Traceback (most recent call last):
  File "/home/airflow/.local/lib/python3.8/site-packages/airflow/models/dagbag.py", line 344, in parse
    loader.exec_module(new_module)
  File "<frozen importlib._bootstrap_external>", line 843, in exec_module
  File "<frozen importlib._bootstrap>", line 219, in _call_with_frames_removed
  File "/opt/airflow/dags/bist100_pipeline.py", line 8, in <module>
    from src.collectors import fetch_bist_news
ModuleNotFoundError: No module named 'src'
[2026-02-09T20:32:05.937+0000] {processor.py:842} WARNING - No viable dags retrieved from /opt/airflow/dags/bist100_pipeline.py
[2026-02-09T20:32:05.984+0000] {processor.py:183} INFO - Processing /opt/airflow/dags/bist100_pipeline.py took 0.075 seconds
[2026-02-09T20:32:36.342+0000] {processor.py:161} INFO - Started process (PID=35) to work on /opt/airflow/dags/bist100_pipeline.py
[2026-02-09T20:32:36.344+0000] {processor.py:830} INFO - Processing file /opt/airflow/dags/bist100_pipeline.py for tasks to queue
[2026-02-09T20:32:36.347+0000] {logging_mixin.py:188} INFO - [2026-02-09T20:32:36.347+0000] {dagbag.py:538} INFO - Filling up the DagBag from /opt/airflow/dags/bist100_pipeline.py
[2026-02-09T20:32:36.356+0000] {logging_mixin.py:188} INFO - [2026-02-09T20:32:36.355+0000] {dagbag.py:348} ERROR - Failed to import: /opt/airflow/dags/bist100_pipeline.py
Traceback (most recent call last):
  File "/home/airflow/.local/lib/python3.8/site-packages/airflow/models/dagbag.py", line 344, in parse
    loader.exec_module(new_module)
  File "<frozen importlib._bootstrap_external>", line 843, in exec_module
  File "<frozen importlib._bootstrap>", line 219, in _call_with_frames_removed
  File "/opt/airflow/dags/bist100_pipeline.py", line 8, in <module>
    from src.collectors import fetch_bist_news
ModuleNotFoundError: No module named 'src'
[2026-02-09T20:32:36.357+0000] {processor.py:842} WARNING - No viable dags retrieved from /opt/airflow/dags/bist100_pipeline.py
[2026-02-09T20:32:36.420+0000] {processor.py:183} INFO - Processing /opt/airflow/dags/bist100_pipeline.py took 0.081 seconds
[2026-02-09T20:33:06.829+0000] {processor.py:161} INFO - Started process (PID=36) to work on /opt/airflow/dags/bist100_pipeline.py
[2026-02-09T20:33:06.832+0000] {processor.py:830} INFO - Processing file /opt/airflow/dags/bist100_pipeline.py for tasks to queue
[2026-02-09T20:33:06.836+0000] {logging_mixin.py:188} INFO - [2026-02-09T20:33:06.834+0000] {dagbag.py:538} INFO - Filling up the DagBag from /opt/airflow/dags/bist100_pipeline.py
[2026-02-09T20:33:06.847+0000] {logging_mixin.py:188} INFO - [2026-02-09T20:33:06.846+0000] {dagbag.py:348} ERROR - Failed to import: /opt/airflow/dags/bist100_pipeline.py
Traceback (most recent call last):
  File "/home/airflow/.local/lib/python3.8/site-packages/airflow/models/dagbag.py", line 344, in parse
    loader.exec_module(new_module)
  File "<frozen importlib._bootstrap_external>", line 843, in exec_module
  File "<frozen importlib._bootstrap>", line 219, in _call_with_frames_removed
  File "/opt/airflow/dags/bist100_pipeline.py", line 8, in <module>
    from src.collectors import fetch_bist_news
ModuleNotFoundError: No module named 'src'
[2026-02-09T20:33:06.847+0000] {processor.py:842} WARNING - No viable dags retrieved from /opt/airflow/dags/bist100_pipeline.py
[2026-02-09T20:33:06.901+0000] {processor.py:183} INFO - Processing /opt/airflow/dags/bist100_pipeline.py took 0.083 seconds
[2026-02-09T20:33:37.301+0000] {processor.py:161} INFO - Started process (PID=37) to work on /opt/airflow/dags/bist100_pipeline.py
[2026-02-09T20:33:37.304+0000] {processor.py:830} INFO - Processing file /opt/airflow/dags/bist100_pipeline.py for tasks to queue
[2026-02-09T20:33:37.308+0000] {logging_mixin.py:188} INFO - [2026-02-09T20:33:37.307+0000] {dagbag.py:538} INFO - Filling up the DagBag from /opt/airflow/dags/bist100_pipeline.py
[2026-02-09T20:33:37.326+0000] {logging_mixin.py:188} INFO - [2026-02-09T20:33:37.318+0000] {dagbag.py:348} ERROR - Failed to import: /opt/airflow/dags/bist100_pipeline.py
Traceback (most recent call last):
  File "/home/airflow/.local/lib/python3.8/site-packages/airflow/models/dagbag.py", line 344, in parse
    loader.exec_module(new_module)
  File "<frozen importlib._bootstrap_external>", line 843, in exec_module
  File "<frozen importlib._bootstrap>", line 219, in _call_with_frames_removed
  File "/opt/airflow/dags/bist100_pipeline.py", line 8, in <module>
    from src.collectors import fetch_bist_news
ModuleNotFoundError: No module named 'src'
[2026-02-09T20:33:37.327+0000] {processor.py:842} WARNING - No viable dags retrieved from /opt/airflow/dags/bist100_pipeline.py
[2026-02-09T20:33:37.368+0000] {processor.py:183} INFO - Processing /opt/airflow/dags/bist100_pipeline.py took 0.075 seconds
[2026-02-09T20:34:07.772+0000] {processor.py:161} INFO - Started process (PID=38) to work on /opt/airflow/dags/bist100_pipeline.py
[2026-02-09T20:34:07.778+0000] {processor.py:830} INFO - Processing file /opt/airflow/dags/bist100_pipeline.py for tasks to queue
[2026-02-09T20:34:07.782+0000] {logging_mixin.py:188} INFO - [2026-02-09T20:34:07.782+0000] {dagbag.py:538} INFO - Filling up the DagBag from /opt/airflow/dags/bist100_pipeline.py
[2026-02-09T20:34:07.796+0000] {logging_mixin.py:188} INFO - [2026-02-09T20:34:07.793+0000] {dagbag.py:348} ERROR - Failed to import: /opt/airflow/dags/bist100_pipeline.py
Traceback (most recent call last):
  File "/home/airflow/.local/lib/python3.8/site-packages/airflow/models/dagbag.py", line 344, in parse
    loader.exec_module(new_module)
  File "<frozen importlib._bootstrap_external>", line 843, in exec_module
  File "<frozen importlib._bootstrap>", line 219, in _call_with_frames_removed
  File "/opt/airflow/dags/bist100_pipeline.py", line 8, in <module>
    from src.collectors import fetch_bist_news
ModuleNotFoundError: No module named 'src'
[2026-02-09T20:34:07.797+0000] {processor.py:842} WARNING - No viable dags retrieved from /opt/airflow/dags/bist100_pipeline.py
[2026-02-09T20:34:07.884+0000] {processor.py:183} INFO - Processing /opt/airflow/dags/bist100_pipeline.py took 0.125 seconds
[2026-02-09T20:34:38.370+0000] {processor.py:161} INFO - Started process (PID=39) to work on /opt/airflow/dags/bist100_pipeline.py
[2026-02-09T20:34:38.373+0000] {processor.py:830} INFO - Processing file /opt/airflow/dags/bist100_pipeline.py for tasks to queue
[2026-02-09T20:34:38.377+0000] {logging_mixin.py:188} INFO - [2026-02-09T20:34:38.376+0000] {dagbag.py:538} INFO - Filling up the DagBag from /opt/airflow/dags/bist100_pipeline.py
[2026-02-09T20:34:38.389+0000] {logging_mixin.py:188} INFO - [2026-02-09T20:34:38.387+0000] {dagbag.py:348} ERROR - Failed to import: /opt/airflow/dags/bist100_pipeline.py
Traceback (most recent call last):
  File "/home/airflow/.local/lib/python3.8/site-packages/airflow/models/dagbag.py", line 344, in parse
    loader.exec_module(new_module)
  File "<frozen importlib._bootstrap_external>", line 843, in exec_module
  File "<frozen importlib._bootstrap>", line 219, in _call_with_frames_removed
  File "/opt/airflow/dags/bist100_pipeline.py", line 8, in <module>
    from src.collectors import fetch_bist_news
ModuleNotFoundError: No module named 'src'
[2026-02-09T20:34:38.389+0000] {processor.py:842} WARNING - No viable dags retrieved from /opt/airflow/dags/bist100_pipeline.py
[2026-02-09T20:34:38.416+0000] {processor.py:183} INFO - Processing /opt/airflow/dags/bist100_pipeline.py took 0.056 seconds
[2026-02-09T20:35:08.838+0000] {processor.py:161} INFO - Started process (PID=40) to work on /opt/airflow/dags/bist100_pipeline.py
[2026-02-09T20:35:08.841+0000] {processor.py:830} INFO - Processing file /opt/airflow/dags/bist100_pipeline.py for tasks to queue
[2026-02-09T20:35:08.844+0000] {logging_mixin.py:188} INFO - [2026-02-09T20:35:08.844+0000] {dagbag.py:538} INFO - Filling up the DagBag from /opt/airflow/dags/bist100_pipeline.py
[2026-02-09T20:35:08.861+0000] {logging_mixin.py:188} INFO - [2026-02-09T20:35:08.860+0000] {dagbag.py:348} ERROR - Failed to import: /opt/airflow/dags/bist100_pipeline.py
Traceback (most recent call last):
  File "/home/airflow/.local/lib/python3.8/site-packages/airflow/models/dagbag.py", line 344, in parse
    loader.exec_module(new_module)
  File "<frozen importlib._bootstrap_external>", line 843, in exec_module
  File "<frozen importlib._bootstrap>", line 219, in _call_with_frames_removed
  File "/opt/airflow/dags/bist100_pipeline.py", line 8, in <module>
    from src.collectors import fetch_bist_news
ModuleNotFoundError: No module named 'src'
[2026-02-09T20:35:08.862+0000] {processor.py:842} WARNING - No viable dags retrieved from /opt/airflow/dags/bist100_pipeline.py
[2026-02-09T20:35:08.909+0000] {processor.py:183} INFO - Processing /opt/airflow/dags/bist100_pipeline.py took 0.084 seconds
[2026-02-09T20:35:32.344+0000] {processor.py:161} INFO - Started process (PID=41) to work on /opt/airflow/dags/bist100_pipeline.py
[2026-02-09T20:35:32.346+0000] {processor.py:830} INFO - Processing file /opt/airflow/dags/bist100_pipeline.py for tasks to queue
[2026-02-09T20:35:32.351+0000] {logging_mixin.py:188} INFO - [2026-02-09T20:35:32.351+0000] {dagbag.py:538} INFO - Filling up the DagBag from /opt/airflow/dags/bist100_pipeline.py
[2026-02-09T20:35:32.385+0000] {logging_mixin.py:188} INFO - [2026-02-09T20:35:32.383+0000] {dagbag.py:348} ERROR - Failed to import: /opt/airflow/dags/bist100_pipeline.py
Traceback (most recent call last):
  File "/home/airflow/.local/lib/python3.8/site-packages/airflow/models/dagbag.py", line 344, in parse
    loader.exec_module(new_module)
  File "<frozen importlib._bootstrap_external>", line 843, in exec_module
  File "<frozen importlib._bootstrap>", line 219, in _call_with_frames_removed
  File "/opt/airflow/dags/bist100_pipeline.py", line 8, in <module>
    from src.scraper.news_scraper import scrape_bist_news
ModuleNotFoundError: No module named 'src'
[2026-02-09T20:35:32.386+0000] {processor.py:842} WARNING - No viable dags retrieved from /opt/airflow/dags/bist100_pipeline.py
[2026-02-09T20:35:32.426+0000] {processor.py:183} INFO - Processing /opt/airflow/dags/bist100_pipeline.py took 0.090 seconds
[2026-02-09T20:35:41.564+0000] {processor.py:161} INFO - Started process (PID=42) to work on /opt/airflow/dags/bist100_pipeline.py
[2026-02-09T20:35:41.566+0000] {processor.py:830} INFO - Processing file /opt/airflow/dags/bist100_pipeline.py for tasks to queue
[2026-02-09T20:35:41.569+0000] {logging_mixin.py:188} INFO - [2026-02-09T20:35:41.569+0000] {dagbag.py:538} INFO - Filling up the DagBag from /opt/airflow/dags/bist100_pipeline.py
[2026-02-09T20:35:41.581+0000] {logging_mixin.py:188} INFO - [2026-02-09T20:35:41.580+0000] {dagbag.py:348} ERROR - Failed to import: /opt/airflow/dags/bist100_pipeline.py
Traceback (most recent call last):
  File "/home/airflow/.local/lib/python3.8/site-packages/airflow/models/dagbag.py", line 344, in parse
    loader.exec_module(new_module)
  File "<frozen importlib._bootstrap_external>", line 843, in exec_module
  File "<frozen importlib._bootstrap>", line 219, in _call_with_frames_removed
  File "/opt/airflow/dags/bist100_pipeline.py", line 8, in <module>
    from src.scraper.news_scraper import scrape_bist_news
ModuleNotFoundError: No module named 'src'
[2026-02-09T20:35:41.582+0000] {processor.py:842} WARNING - No viable dags retrieved from /opt/airflow/dags/bist100_pipeline.py
[2026-02-09T20:35:41.636+0000] {processor.py:183} INFO - Processing /opt/airflow/dags/bist100_pipeline.py took 0.077 seconds
[2026-02-09T20:36:11.960+0000] {processor.py:161} INFO - Started process (PID=43) to work on /opt/airflow/dags/bist100_pipeline.py
[2026-02-09T20:36:11.962+0000] {processor.py:830} INFO - Processing file /opt/airflow/dags/bist100_pipeline.py for tasks to queue
[2026-02-09T20:36:11.966+0000] {logging_mixin.py:188} INFO - [2026-02-09T20:36:11.965+0000] {dagbag.py:538} INFO - Filling up the DagBag from /opt/airflow/dags/bist100_pipeline.py
[2026-02-09T20:36:11.974+0000] {logging_mixin.py:188} INFO - [2026-02-09T20:36:11.972+0000] {dagbag.py:348} ERROR - Failed to import: /opt/airflow/dags/bist100_pipeline.py
Traceback (most recent call last):
  File "/home/airflow/.local/lib/python3.8/site-packages/airflow/models/dagbag.py", line 344, in parse
    loader.exec_module(new_module)
  File "<frozen importlib._bootstrap_external>", line 843, in exec_module
  File "<frozen importlib._bootstrap>", line 219, in _call_with_frames_removed
  File "/opt/airflow/dags/bist100_pipeline.py", line 8, in <module>
    from src.scraper.news_scraper import scrape_bist_news
ModuleNotFoundError: No module named 'src'
[2026-02-09T20:36:11.974+0000] {processor.py:842} WARNING - No viable dags retrieved from /opt/airflow/dags/bist100_pipeline.py
[2026-02-09T20:36:11.996+0000] {processor.py:183} INFO - Processing /opt/airflow/dags/bist100_pipeline.py took 0.045 seconds
[2026-02-09T20:36:42.410+0000] {processor.py:161} INFO - Started process (PID=44) to work on /opt/airflow/dags/bist100_pipeline.py
[2026-02-09T20:36:42.412+0000] {processor.py:830} INFO - Processing file /opt/airflow/dags/bist100_pipeline.py for tasks to queue
[2026-02-09T20:36:42.416+0000] {logging_mixin.py:188} INFO - [2026-02-09T20:36:42.416+0000] {dagbag.py:538} INFO - Filling up the DagBag from /opt/airflow/dags/bist100_pipeline.py
[2026-02-09T20:36:42.427+0000] {logging_mixin.py:188} INFO - [2026-02-09T20:36:42.426+0000] {dagbag.py:348} ERROR - Failed to import: /opt/airflow/dags/bist100_pipeline.py
Traceback (most recent call last):
  File "/home/airflow/.local/lib/python3.8/site-packages/airflow/models/dagbag.py", line 344, in parse
    loader.exec_module(new_module)
  File "<frozen importlib._bootstrap_external>", line 843, in exec_module
  File "<frozen importlib._bootstrap>", line 219, in _call_with_frames_removed
  File "/opt/airflow/dags/bist100_pipeline.py", line 8, in <module>
    from src.scraper.news_scraper import scrape_bist_news
ModuleNotFoundError: No module named 'src'
[2026-02-09T20:36:42.427+0000] {processor.py:842} WARNING - No viable dags retrieved from /opt/airflow/dags/bist100_pipeline.py
[2026-02-09T20:36:42.491+0000] {processor.py:183} INFO - Processing /opt/airflow/dags/bist100_pipeline.py took 0.088 seconds
[2026-02-09T20:37:12.862+0000] {processor.py:161} INFO - Started process (PID=45) to work on /opt/airflow/dags/bist100_pipeline.py
[2026-02-09T20:37:12.864+0000] {processor.py:830} INFO - Processing file /opt/airflow/dags/bist100_pipeline.py for tasks to queue
[2026-02-09T20:37:12.869+0000] {logging_mixin.py:188} INFO - [2026-02-09T20:37:12.868+0000] {dagbag.py:538} INFO - Filling up the DagBag from /opt/airflow/dags/bist100_pipeline.py
[2026-02-09T20:37:12.878+0000] {logging_mixin.py:188} INFO - [2026-02-09T20:37:12.876+0000] {dagbag.py:348} ERROR - Failed to import: /opt/airflow/dags/bist100_pipeline.py
Traceback (most recent call last):
  File "/home/airflow/.local/lib/python3.8/site-packages/airflow/models/dagbag.py", line 344, in parse
    loader.exec_module(new_module)
  File "<frozen importlib._bootstrap_external>", line 843, in exec_module
  File "<frozen importlib._bootstrap>", line 219, in _call_with_frames_removed
  File "/opt/airflow/dags/bist100_pipeline.py", line 8, in <module>
    from src.scraper.news_scraper import scrape_bist_news
ModuleNotFoundError: No module named 'src'
[2026-02-09T20:37:12.878+0000] {processor.py:842} WARNING - No viable dags retrieved from /opt/airflow/dags/bist100_pipeline.py
[2026-02-09T20:37:12.912+0000] {processor.py:183} INFO - Processing /opt/airflow/dags/bist100_pipeline.py took 0.058 seconds
[2026-02-09T20:37:24.210+0000] {processor.py:161} INFO - Started process (PID=46) to work on /opt/airflow/dags/bist100_pipeline.py
[2026-02-09T20:37:24.214+0000] {processor.py:830} INFO - Processing file /opt/airflow/dags/bist100_pipeline.py for tasks to queue
[2026-02-09T20:37:24.223+0000] {logging_mixin.py:188} INFO - [2026-02-09T20:37:24.222+0000] {dagbag.py:538} INFO - Filling up the DagBag from /opt/airflow/dags/bist100_pipeline.py
[2026-02-09T20:37:24.268+0000] {logging_mixin.py:188} INFO - [2026-02-09T20:37:24.264+0000] {dagbag.py:348} ERROR - Failed to import: /opt/airflow/dags/bist100_pipeline.py
Traceback (most recent call last):
  File "/home/airflow/.local/lib/python3.8/site-packages/airflow/models/dagbag.py", line 344, in parse
    loader.exec_module(new_module)
  File "<frozen importlib._bootstrap_external>", line 843, in exec_module
  File "<frozen importlib._bootstrap>", line 219, in _call_with_frames_removed
  File "/opt/airflow/dags/bist100_pipeline.py", line 8, in <module>
    from src.scraper.news_scraper import scrape_bist_news
ModuleNotFoundError: No module named 'src'
[2026-02-09T20:37:24.271+0000] {processor.py:842} WARNING - No viable dags retrieved from /opt/airflow/dags/bist100_pipeline.py
[2026-02-09T20:37:24.323+0000] {processor.py:183} INFO - Processing /opt/airflow/dags/bist100_pipeline.py took 0.123 seconds
[2026-02-09T20:37:54.751+0000] {processor.py:161} INFO - Started process (PID=47) to work on /opt/airflow/dags/bist100_pipeline.py
[2026-02-09T20:37:54.754+0000] {processor.py:830} INFO - Processing file /opt/airflow/dags/bist100_pipeline.py for tasks to queue
[2026-02-09T20:37:54.758+0000] {logging_mixin.py:188} INFO - [2026-02-09T20:37:54.757+0000] {dagbag.py:538} INFO - Filling up the DagBag from /opt/airflow/dags/bist100_pipeline.py
[2026-02-09T20:37:54.769+0000] {logging_mixin.py:188} INFO - [2026-02-09T20:37:54.767+0000] {dagbag.py:348} ERROR - Failed to import: /opt/airflow/dags/bist100_pipeline.py
Traceback (most recent call last):
  File "/home/airflow/.local/lib/python3.8/site-packages/airflow/models/dagbag.py", line 344, in parse
    loader.exec_module(new_module)
  File "<frozen importlib._bootstrap_external>", line 843, in exec_module
  File "<frozen importlib._bootstrap>", line 219, in _call_with_frames_removed
  File "/opt/airflow/dags/bist100_pipeline.py", line 8, in <module>
    from src.scraper.news_scraper import scrape_bist_news
ModuleNotFoundError: No module named 'src'
[2026-02-09T20:37:54.769+0000] {processor.py:842} WARNING - No viable dags retrieved from /opt/airflow/dags/bist100_pipeline.py
[2026-02-09T20:37:54.831+0000] {processor.py:183} INFO - Processing /opt/airflow/dags/bist100_pipeline.py took 0.087 seconds
[2026-02-09T20:38:25.224+0000] {processor.py:161} INFO - Started process (PID=48) to work on /opt/airflow/dags/bist100_pipeline.py
[2026-02-09T20:38:25.228+0000] {processor.py:830} INFO - Processing file /opt/airflow/dags/bist100_pipeline.py for tasks to queue
[2026-02-09T20:38:25.233+0000] {logging_mixin.py:188} INFO - [2026-02-09T20:38:25.232+0000] {dagbag.py:538} INFO - Filling up the DagBag from /opt/airflow/dags/bist100_pipeline.py
[2026-02-09T20:38:25.243+0000] {logging_mixin.py:188} INFO - [2026-02-09T20:38:25.241+0000] {dagbag.py:348} ERROR - Failed to import: /opt/airflow/dags/bist100_pipeline.py
Traceback (most recent call last):
  File "/home/airflow/.local/lib/python3.8/site-packages/airflow/models/dagbag.py", line 344, in parse
    loader.exec_module(new_module)
  File "<frozen importlib._bootstrap_external>", line 843, in exec_module
  File "<frozen importlib._bootstrap>", line 219, in _call_with_frames_removed
  File "/opt/airflow/dags/bist100_pipeline.py", line 8, in <module>
    from src.scraper.news_scraper import scrape_bist_news
ModuleNotFoundError: No module named 'src'
[2026-02-09T20:38:25.244+0000] {processor.py:842} WARNING - No viable dags retrieved from /opt/airflow/dags/bist100_pipeline.py
[2026-02-09T20:38:25.268+0000] {processor.py:183} INFO - Processing /opt/airflow/dags/bist100_pipeline.py took 0.058 seconds
[2026-02-09T20:45:28.853+0000] {processor.py:161} INFO - Started process (PID=34) to work on /opt/airflow/dags/bist100_pipeline.py
[2026-02-09T20:45:28.855+0000] {processor.py:830} INFO - Processing file /opt/airflow/dags/bist100_pipeline.py for tasks to queue
[2026-02-09T20:45:28.863+0000] {logging_mixin.py:188} INFO - [2026-02-09T20:45:28.862+0000] {dagbag.py:538} INFO - Filling up the DagBag from /opt/airflow/dags/bist100_pipeline.py
[2026-02-09T20:45:29.264+0000] {processor.py:840} INFO - DAG(s) 'bist100_v1' retrieved from /opt/airflow/dags/bist100_pipeline.py
[2026-02-09T20:45:29.352+0000] {logging_mixin.py:188} INFO - [2026-02-09T20:45:29.352+0000] {dag.py:3036} INFO - Sync 1 DAGs
[2026-02-09T20:45:29.389+0000] {logging_mixin.py:188} INFO - [2026-02-09T20:45:29.389+0000] {dag.py:3823} INFO - Setting next_dagrun for bist100_v1 to 2026-02-08 00:00:00+00:00, run_after=2026-02-09 00:00:00+00:00
[2026-02-09T20:45:29.446+0000] {processor.py:183} INFO - Processing /opt/airflow/dags/bist100_pipeline.py took 0.600 seconds
[2026-02-09T20:45:59.990+0000] {processor.py:161} INFO - Started process (PID=35) to work on /opt/airflow/dags/bist100_pipeline.py
[2026-02-09T20:46:00.015+0000] {processor.py:830} INFO - Processing file /opt/airflow/dags/bist100_pipeline.py for tasks to queue
[2026-02-09T20:46:00.093+0000] {logging_mixin.py:188} INFO - [2026-02-09T20:46:00.075+0000] {dagbag.py:538} INFO - Filling up the DagBag from /opt/airflow/dags/bist100_pipeline.py
[2026-02-09T20:46:02.164+0000] {processor.py:840} INFO - DAG(s) 'bist100_v1' retrieved from /opt/airflow/dags/bist100_pipeline.py
[2026-02-09T20:46:03.672+0000] {logging_mixin.py:188} INFO - [2026-02-09T20:46:03.668+0000] {dag.py:3036} INFO - Sync 1 DAGs
[2026-02-09T20:46:03.896+0000] {logging_mixin.py:188} INFO - [2026-02-09T20:46:03.895+0000] {dag.py:3823} INFO - Setting next_dagrun for bist100_v1 to 2026-02-09 00:00:00+00:00, run_after=2026-02-10 00:00:00+00:00
[2026-02-09T20:46:04.133+0000] {processor.py:183} INFO - Processing /opt/airflow/dags/bist100_pipeline.py took 4.204 seconds
[2026-02-09T20:46:35.746+0000] {processor.py:161} INFO - Started process (PID=36) to work on /opt/airflow/dags/bist100_pipeline.py
[2026-02-09T20:46:35.756+0000] {processor.py:830} INFO - Processing file /opt/airflow/dags/bist100_pipeline.py for tasks to queue
[2026-02-09T20:46:35.824+0000] {logging_mixin.py:188} INFO - [2026-02-09T20:46:35.817+0000] {dagbag.py:538} INFO - Filling up the DagBag from /opt/airflow/dags/bist100_pipeline.py
[2026-02-09T20:46:37.189+0000] {processor.py:840} INFO - DAG(s) 'bist100_v1' retrieved from /opt/airflow/dags/bist100_pipeline.py
[2026-02-09T20:46:37.527+0000] {logging_mixin.py:188} INFO - [2026-02-09T20:46:37.521+0000] {dag.py:3036} INFO - Sync 1 DAGs
[2026-02-09T20:46:38.108+0000] {logging_mixin.py:188} INFO - [2026-02-09T20:46:38.106+0000] {dag.py:3823} INFO - Setting next_dagrun for bist100_v1 to 2026-02-09 00:00:00+00:00, run_after=2026-02-10 00:00:00+00:00
[2026-02-09T20:46:38.308+0000] {processor.py:183} INFO - Processing /opt/airflow/dags/bist100_pipeline.py took 2.659 seconds
[2026-02-09T20:47:10.595+0000] {processor.py:161} INFO - Started process (PID=37) to work on /opt/airflow/dags/bist100_pipeline.py
[2026-02-09T20:47:10.698+0000] {processor.py:830} INFO - Processing file /opt/airflow/dags/bist100_pipeline.py for tasks to queue
[2026-02-09T20:47:11.139+0000] {logging_mixin.py:188} INFO - [2026-02-09T20:47:11.123+0000] {dagbag.py:538} INFO - Filling up the DagBag from /opt/airflow/dags/bist100_pipeline.py
[2026-02-09T20:47:13.633+0000] {processor.py:840} INFO - DAG(s) 'bist100_v1' retrieved from /opt/airflow/dags/bist100_pipeline.py
[2026-02-09T20:47:14.050+0000] {logging_mixin.py:188} INFO - [2026-02-09T20:47:14.046+0000] {dag.py:3036} INFO - Sync 1 DAGs
[2026-02-09T20:47:14.401+0000] {logging_mixin.py:188} INFO - [2026-02-09T20:47:14.400+0000] {dag.py:3823} INFO - Setting next_dagrun for bist100_v1 to 2026-02-09 00:00:00+00:00, run_after=2026-02-10 00:00:00+00:00
[2026-02-09T20:47:14.509+0000] {processor.py:183} INFO - Processing /opt/airflow/dags/bist100_pipeline.py took 4.267 seconds
[2026-02-09T20:47:48.682+0000] {processor.py:161} INFO - Started process (PID=38) to work on /opt/airflow/dags/bist100_pipeline.py
[2026-02-09T20:47:48.959+0000] {processor.py:830} INFO - Processing file /opt/airflow/dags/bist100_pipeline.py for tasks to queue
[2026-02-09T20:47:49.404+0000] {logging_mixin.py:188} INFO - [2026-02-09T20:47:49.358+0000] {dagbag.py:538} INFO - Filling up the DagBag from /opt/airflow/dags/bist100_pipeline.py
[2026-02-09T20:47:54.433+0000] {processor.py:840} INFO - DAG(s) 'bist100_v1' retrieved from /opt/airflow/dags/bist100_pipeline.py
[2026-02-09T20:47:55.690+0000] {logging_mixin.py:188} INFO - [2026-02-09T20:47:55.627+0000] {dag.py:3036} INFO - Sync 1 DAGs
[2026-02-09T20:47:55.962+0000] {logging_mixin.py:188} INFO - [2026-02-09T20:47:55.962+0000] {dag.py:3823} INFO - Setting next_dagrun for bist100_v1 to 2026-02-09 00:00:00+00:00, run_after=2026-02-10 00:00:00+00:00
[2026-02-09T20:47:56.079+0000] {processor.py:183} INFO - Processing /opt/airflow/dags/bist100_pipeline.py took 8.070 seconds
[2026-02-09T20:48:27.799+0000] {processor.py:161} INFO - Started process (PID=39) to work on /opt/airflow/dags/bist100_pipeline.py
[2026-02-09T20:48:27.859+0000] {processor.py:830} INFO - Processing file /opt/airflow/dags/bist100_pipeline.py for tasks to queue
[2026-02-09T20:48:28.002+0000] {logging_mixin.py:188} INFO - [2026-02-09T20:48:27.979+0000] {dagbag.py:538} INFO - Filling up the DagBag from /opt/airflow/dags/bist100_pipeline.py
[2026-02-09T20:48:30.125+0000] {processor.py:840} INFO - DAG(s) 'bist100_v1' retrieved from /opt/airflow/dags/bist100_pipeline.py
[2026-02-09T20:48:30.374+0000] {logging_mixin.py:188} INFO - [2026-02-09T20:48:30.373+0000] {dag.py:3036} INFO - Sync 1 DAGs
[2026-02-09T20:48:30.669+0000] {logging_mixin.py:188} INFO - [2026-02-09T20:48:30.668+0000] {dag.py:3823} INFO - Setting next_dagrun for bist100_v1 to 2026-02-09 00:00:00+00:00, run_after=2026-02-10 00:00:00+00:00
[2026-02-09T20:48:30.794+0000] {processor.py:183} INFO - Processing /opt/airflow/dags/bist100_pipeline.py took 3.268 seconds
[2026-02-09T20:49:05.734+0000] {processor.py:161} INFO - Started process (PID=40) to work on /opt/airflow/dags/bist100_pipeline.py
[2026-02-09T20:49:05.740+0000] {processor.py:830} INFO - Processing file /opt/airflow/dags/bist100_pipeline.py for tasks to queue
[2026-02-09T20:49:05.845+0000] {logging_mixin.py:188} INFO - [2026-02-09T20:49:05.810+0000] {dagbag.py:538} INFO - Filling up the DagBag from /opt/airflow/dags/bist100_pipeline.py
[2026-02-09T20:49:07.690+0000] {processor.py:840} INFO - DAG(s) 'bist100_v1' retrieved from /opt/airflow/dags/bist100_pipeline.py
[2026-02-09T20:49:08.151+0000] {logging_mixin.py:188} INFO - [2026-02-09T20:49:08.150+0000] {dag.py:3036} INFO - Sync 1 DAGs
[2026-02-09T20:49:08.745+0000] {logging_mixin.py:188} INFO - [2026-02-09T20:49:08.706+0000] {dag.py:3823} INFO - Setting next_dagrun for bist100_v1 to 2026-02-09 00:00:00+00:00, run_after=2026-02-10 00:00:00+00:00
[2026-02-09T20:49:09.110+0000] {processor.py:183} INFO - Processing /opt/airflow/dags/bist100_pipeline.py took 3.474 seconds
[2026-02-09T20:49:45.522+0000] {processor.py:161} INFO - Started process (PID=41) to work on /opt/airflow/dags/bist100_pipeline.py
[2026-02-09T20:49:45.793+0000] {processor.py:830} INFO - Processing file /opt/airflow/dags/bist100_pipeline.py for tasks to queue
[2026-02-09T20:49:46.531+0000] {logging_mixin.py:188} INFO - [2026-02-09T20:49:46.392+0000] {dagbag.py:538} INFO - Filling up the DagBag from /opt/airflow/dags/bist100_pipeline.py
[2026-02-09T20:49:53.820+0000] {processor.py:840} INFO - DAG(s) 'bist100_v1' retrieved from /opt/airflow/dags/bist100_pipeline.py
[2026-02-09T20:49:54.409+0000] {logging_mixin.py:188} INFO - [2026-02-09T20:49:54.403+0000] {dag.py:3036} INFO - Sync 1 DAGs
[2026-02-09T20:49:55.040+0000] {logging_mixin.py:188} INFO - [2026-02-09T20:49:55.039+0000] {dag.py:3823} INFO - Setting next_dagrun for bist100_v1 to 2026-02-09 00:00:00+00:00, run_after=2026-02-10 00:00:00+00:00
[2026-02-09T20:49:55.481+0000] {processor.py:183} INFO - Processing /opt/airflow/dags/bist100_pipeline.py took 10.969 seconds
[2026-02-09T20:50:26.680+0000] {processor.py:161} INFO - Started process (PID=42) to work on /opt/airflow/dags/bist100_pipeline.py
[2026-02-09T20:50:26.688+0000] {processor.py:830} INFO - Processing file /opt/airflow/dags/bist100_pipeline.py for tasks to queue
[2026-02-09T20:50:26.800+0000] {logging_mixin.py:188} INFO - [2026-02-09T20:50:26.788+0000] {dagbag.py:538} INFO - Filling up the DagBag from /opt/airflow/dags/bist100_pipeline.py
[2026-02-09T20:50:29.168+0000] {processor.py:840} INFO - DAG(s) 'bist100_v1' retrieved from /opt/airflow/dags/bist100_pipeline.py
[2026-02-09T20:50:29.586+0000] {logging_mixin.py:188} INFO - [2026-02-09T20:50:29.580+0000] {dag.py:3036} INFO - Sync 1 DAGs
[2026-02-09T20:50:29.927+0000] {logging_mixin.py:188} INFO - [2026-02-09T20:50:29.925+0000] {dag.py:3823} INFO - Setting next_dagrun for bist100_v1 to 2026-02-09 00:00:00+00:00, run_after=2026-02-10 00:00:00+00:00
[2026-02-09T20:50:30.103+0000] {processor.py:183} INFO - Processing /opt/airflow/dags/bist100_pipeline.py took 3.534 seconds
