[2026-02-13T14:04:36.613+0300] {processor.py:161} INFO - Started process (PID=42506) to work on /Users/aliemre2023/Desktop/apache_project/bist100_airflow/dags/bist100_pipeline.py
[2026-02-13T14:04:36.613+0300] {processor.py:830} INFO - Processing file /Users/aliemre2023/Desktop/apache_project/bist100_airflow/dags/bist100_pipeline.py for tasks to queue
[2026-02-13T14:04:36.615+0300] {logging_mixin.py:188} INFO - [2026-02-13T14:04:36.614+0300] {dagbag.py:538} INFO - Filling up the DagBag from /Users/aliemre2023/Desktop/apache_project/bist100_airflow/dags/bist100_pipeline.py
[2026-02-13T14:04:36.720+0300] {processor.py:840} INFO - DAG(s) 'bist100_v1' retrieved from /Users/aliemre2023/Desktop/apache_project/bist100_airflow/dags/bist100_pipeline.py
[2026-02-13T14:04:36.836+0300] {logging_mixin.py:188} INFO - [2026-02-13T14:04:36.836+0300] {override.py:1769} INFO - Created Permission View: can edit on DAG:bist100_v1
[2026-02-13T14:04:36.840+0300] {logging_mixin.py:188} INFO - [2026-02-13T14:04:36.840+0300] {override.py:1769} INFO - Created Permission View: can delete on DAG:bist100_v1
[2026-02-13T14:04:36.843+0300] {logging_mixin.py:188} INFO - [2026-02-13T14:04:36.843+0300] {override.py:1769} INFO - Created Permission View: can read on DAG:bist100_v1
[2026-02-13T14:04:36.843+0300] {logging_mixin.py:188} INFO - [2026-02-13T14:04:36.843+0300] {dag.py:3036} INFO - Sync 1 DAGs
[2026-02-13T14:04:36.848+0300] {logging_mixin.py:188} INFO - [2026-02-13T14:04:36.847+0300] {dag.py:3058} INFO - Creating ORM DAG for bist100_v1
[2026-02-13T14:04:36.853+0300] {logging_mixin.py:188} INFO - [2026-02-13T14:04:36.853+0300] {dag.py:3823} INFO - Setting next_dagrun for bist100_v1 to 2026-02-12 00:00:00+00:00, run_after=2026-02-13 00:00:00+00:00
[2026-02-13T14:04:36.860+0300] {processor.py:183} INFO - Processing /Users/aliemre2023/Desktop/apache_project/bist100_airflow/dags/bist100_pipeline.py took 0.248 seconds
[2026-02-13T14:05:08.760+0300] {processor.py:161} INFO - Started process (PID=42548) to work on /Users/aliemre2023/Desktop/apache_project/bist100_airflow/dags/bist100_pipeline.py
[2026-02-13T14:05:08.762+0300] {processor.py:830} INFO - Processing file /Users/aliemre2023/Desktop/apache_project/bist100_airflow/dags/bist100_pipeline.py for tasks to queue
[2026-02-13T14:05:08.762+0300] {logging_mixin.py:188} INFO - [2026-02-13T14:05:08.762+0300] {dagbag.py:538} INFO - Filling up the DagBag from /Users/aliemre2023/Desktop/apache_project/bist100_airflow/dags/bist100_pipeline.py
[2026-02-13T14:05:08.867+0300] {processor.py:840} INFO - DAG(s) 'bist100_v1' retrieved from /Users/aliemre2023/Desktop/apache_project/bist100_airflow/dags/bist100_pipeline.py
[2026-02-13T14:05:08.931+0300] {logging_mixin.py:188} INFO - [2026-02-13T14:05:08.931+0300] {dag.py:3036} INFO - Sync 1 DAGs
[2026-02-13T14:05:08.939+0300] {logging_mixin.py:188} INFO - [2026-02-13T14:05:08.939+0300] {dag.py:3823} INFO - Setting next_dagrun for bist100_v1 to 2026-02-12 00:00:00+00:00, run_after=2026-02-13 00:00:00+00:00
[2026-02-13T14:05:08.947+0300] {processor.py:183} INFO - Processing /Users/aliemre2023/Desktop/apache_project/bist100_airflow/dags/bist100_pipeline.py took 0.188 seconds
[2026-02-13T14:07:51.202+0300] {processor.py:161} INFO - Started process (PID=42836) to work on /Users/aliemre2023/Desktop/apache_project/bist100_airflow/dags/bist100_pipeline.py
[2026-02-13T14:07:51.203+0300] {processor.py:830} INFO - Processing file /Users/aliemre2023/Desktop/apache_project/bist100_airflow/dags/bist100_pipeline.py for tasks to queue
[2026-02-13T14:07:51.204+0300] {logging_mixin.py:188} INFO - [2026-02-13T14:07:51.204+0300] {dagbag.py:538} INFO - Filling up the DagBag from /Users/aliemre2023/Desktop/apache_project/bist100_airflow/dags/bist100_pipeline.py
[2026-02-13T14:07:51.305+0300] {processor.py:840} INFO - DAG(s) 'bist100_v1' retrieved from /Users/aliemre2023/Desktop/apache_project/bist100_airflow/dags/bist100_pipeline.py
[2026-02-13T14:07:51.410+0300] {logging_mixin.py:188} INFO - [2026-02-13T14:07:51.409+0300] {override.py:1769} INFO - Created Permission View: can read on DAG:bist100_v1
[2026-02-13T14:07:51.414+0300] {logging_mixin.py:188} INFO - [2026-02-13T14:07:51.414+0300] {override.py:1769} INFO - Created Permission View: can edit on DAG:bist100_v1
[2026-02-13T14:07:51.416+0300] {logging_mixin.py:188} INFO - [2026-02-13T14:07:51.416+0300] {override.py:1769} INFO - Created Permission View: can delete on DAG:bist100_v1
[2026-02-13T14:07:51.417+0300] {logging_mixin.py:188} INFO - [2026-02-13T14:07:51.417+0300] {dag.py:3036} INFO - Sync 1 DAGs
[2026-02-13T14:07:51.422+0300] {logging_mixin.py:188} INFO - [2026-02-13T14:07:51.421+0300] {dag.py:3058} INFO - Creating ORM DAG for bist100_v1
[2026-02-13T14:07:51.426+0300] {logging_mixin.py:188} INFO - [2026-02-13T14:07:51.426+0300] {dag.py:3823} INFO - Setting next_dagrun for bist100_v1 to 2026-02-12 00:00:00+00:00, run_after=2026-02-13 00:00:00+00:00
[2026-02-13T14:07:51.433+0300] {processor.py:183} INFO - Processing /Users/aliemre2023/Desktop/apache_project/bist100_airflow/dags/bist100_pipeline.py took 0.232 seconds
