[2026-02-09T20:26:34.264+0000] {manager.py:469} INFO - Processing files using up to 2 processes at a time 
[2026-02-09T20:26:34.266+0000] {manager.py:470} INFO - Process each file at most once every 30 seconds
[2026-02-09T20:26:34.267+0000] {manager.py:471} INFO - Checking for new files in /opt/airflow/dags every 300 seconds
[2026-02-09T20:26:34.268+0000] {manager.py:738} INFO - Searching for files in /opt/airflow/dags
[2026-02-09T20:26:34.274+0000] {manager.py:741} INFO - There are 0 files in /opt/airflow/dags
[2026-02-09T20:31:35.141+0000] {manager.py:738} INFO - Searching for files in /opt/airflow/dags
[2026-02-09T20:31:35.177+0000] {manager.py:741} INFO - There are 1 files in /opt/airflow/dags
[2026-02-09T20:31:37.829+0000] {manager.py:879} INFO - 
================================================================================
DAG File Processing Stats

File Path                              PID    Runtime      # DAGs    # Errors  Last Runtime    Last Run
-------------------------------------  -----  ---------  --------  ----------  --------------  -------------------
/opt/airflow/dags/bist100_pipeline.py                           0           1  0.41s           2026-02-09T20:31:35
================================================================================
[2026-02-09T20:32:07.929+0000] {manager.py:879} INFO - 
================================================================================
DAG File Processing Stats

File Path                              PID    Runtime      # DAGs    # Errors  Last Runtime    Last Run
-------------------------------------  -----  ---------  --------  ----------  --------------  -------------------
/opt/airflow/dags/bist100_pipeline.py                           0           1  0.11s           2026-02-09T20:32:05
================================================================================
[2026-02-09T20:32:38.395+0000] {manager.py:879} INFO - 
================================================================================
DAG File Processing Stats

File Path                              PID    Runtime      # DAGs    # Errors  Last Runtime    Last Run
-------------------------------------  -----  ---------  --------  ----------  --------------  -------------------
/opt/airflow/dags/bist100_pipeline.py                           0           1  0.12s           2026-02-09T20:32:36
================================================================================
[2026-02-09T20:33:08.855+0000] {manager.py:879} INFO - 
================================================================================
DAG File Processing Stats

File Path                              PID    Runtime      # DAGs    # Errors  Last Runtime    Last Run
-------------------------------------  -----  ---------  --------  ----------  --------------  -------------------
/opt/airflow/dags/bist100_pipeline.py                           0           1  0.12s           2026-02-09T20:33:06
================================================================================
[2026-02-09T20:33:39.330+0000] {manager.py:879} INFO - 
================================================================================
DAG File Processing Stats

File Path                              PID    Runtime      # DAGs    # Errors  Last Runtime    Last Run
-------------------------------------  -----  ---------  --------  ----------  --------------  -------------------
/opt/airflow/dags/bist100_pipeline.py                           0           1  0.15s           2026-02-09T20:33:37
================================================================================
[2026-02-09T20:34:09.783+0000] {manager.py:879} INFO - 
================================================================================
DAG File Processing Stats

File Path                              PID    Runtime      # DAGs    # Errors  Last Runtime    Last Run
-------------------------------------  -----  ---------  --------  ----------  --------------  -------------------
/opt/airflow/dags/bist100_pipeline.py                           0           1  0.17s           2026-02-09T20:34:07
================================================================================
[2026-02-09T20:34:40.390+0000] {manager.py:879} INFO - 
================================================================================
DAG File Processing Stats

File Path                              PID    Runtime      # DAGs    # Errors  Last Runtime    Last Run
-------------------------------------  -----  ---------  --------  ----------  --------------  -------------------
/opt/airflow/dags/bist100_pipeline.py                           0           1  0.09s           2026-02-09T20:34:38
================================================================================
[2026-02-09T20:35:10.851+0000] {manager.py:879} INFO - 
================================================================================
DAG File Processing Stats

File Path                              PID    Runtime      # DAGs    # Errors  Last Runtime    Last Run
-------------------------------------  -----  ---------  --------  ----------  --------------  -------------------
/opt/airflow/dags/bist100_pipeline.py                           0           1  0.14s           2026-02-09T20:35:08
================================================================================
[2026-02-09T20:35:41.440+0000] {manager.py:879} INFO - 
================================================================================
DAG File Processing Stats

File Path                              PID    Runtime      # DAGs    # Errors  Last Runtime    Last Run
-------------------------------------  -----  ---------  --------  ----------  --------------  -------------------
/opt/airflow/dags/bist100_pipeline.py                           0           1  0.16s           2026-02-09T20:35:32
================================================================================
[2026-02-09T20:36:11.945+0000] {manager.py:879} INFO - 
================================================================================
DAG File Processing Stats

File Path                                PID  Runtime      # DAGs    # Errors  Last Runtime    Last Run
-------------------------------------  -----  ---------  --------  ----------  --------------  -------------------
/opt/airflow/dags/bist100_pipeline.py     43  0.03s             0           1  0.11s           2026-02-09T20:35:41
================================================================================
[2026-02-09T20:36:35.233+0000] {manager.py:738} INFO - Searching for files in /opt/airflow/dags
[2026-02-09T20:36:35.250+0000] {manager.py:741} INFO - There are 1 files in /opt/airflow/dags
[2026-02-09T20:36:42.394+0000] {manager.py:879} INFO - 
================================================================================
DAG File Processing Stats

File Path                                PID  Runtime      # DAGs    # Errors  Last Runtime    Last Run
-------------------------------------  -----  ---------  --------  ----------  --------------  -------------------
/opt/airflow/dags/bist100_pipeline.py     44  0.02s             0           1  0.08s           2026-02-09T20:36:12
================================================================================
[2026-02-09T20:37:12.844+0000] {manager.py:879} INFO - 
================================================================================
DAG File Processing Stats

File Path                                PID  Runtime      # DAGs    # Errors  Last Runtime    Last Run
-------------------------------------  -----  ---------  --------  ----------  --------------  -------------------
/opt/airflow/dags/bist100_pipeline.py     45  0.03s             0           1  0.13s           2026-02-09T20:36:42
================================================================================
[2026-02-09T20:37:43.517+0000] {manager.py:879} INFO - 
================================================================================
DAG File Processing Stats

File Path                              PID    Runtime      # DAGs    # Errors  Last Runtime    Last Run
-------------------------------------  -----  ---------  --------  ----------  --------------  -------------------
/opt/airflow/dags/bist100_pipeline.py                           0           1  0.17s           2026-02-09T20:37:24
================================================================================
[2026-02-09T20:38:14.016+0000] {manager.py:879} INFO - 
================================================================================
DAG File Processing Stats

File Path                              PID    Runtime      # DAGs    # Errors  Last Runtime    Last Run
-------------------------------------  -----  ---------  --------  ----------  --------------  -------------------
/opt/airflow/dags/bist100_pipeline.py                           0           1  0.13s           2026-02-09T20:37:54
================================================================================
[2026-02-09T20:38:31.829+0000] {manager.py:451} INFO - Exiting gracefully upon receiving signal 15
[2026-02-09T20:45:28.716+0000] {manager.py:469} INFO - Processing files using up to 2 processes at a time 
[2026-02-09T20:45:28.727+0000] {manager.py:470} INFO - Process each file at most once every 30 seconds
[2026-02-09T20:45:28.731+0000] {manager.py:471} INFO - Checking for new files in /opt/airflow/dags every 300 seconds
[2026-02-09T20:45:28.732+0000] {manager.py:738} INFO - Searching for files in /opt/airflow/dags
[2026-02-09T20:45:28.756+0000] {manager.py:741} INFO - There are 1 files in /opt/airflow/dags
[2026-02-09T20:45:28.923+0000] {manager.py:879} INFO - 
================================================================================
DAG File Processing Stats

File Path                                PID  Runtime      # DAGs    # Errors  Last Runtime    Last Run
-------------------------------------  -----  ---------  --------  ----------  --------------  ----------
/opt/airflow/dags/bist100_pipeline.py     34  0.10s             0           0
================================================================================
[2026-02-09T20:45:59.196+0000] {manager.py:879} INFO - 
================================================================================
DAG File Processing Stats

File Path                              PID    Runtime      # DAGs    # Errors  Last Runtime    Last Run
-------------------------------------  -----  ---------  --------  ----------  --------------  -------------------
/opt/airflow/dags/bist100_pipeline.py                           1           0  0.64s           2026-02-09T20:45:29
================================================================================
[2026-02-09T20:46:30.095+0000] {manager.py:879} INFO - 
================================================================================
DAG File Processing Stats

File Path                              PID    Runtime      # DAGs    # Errors  Last Runtime    Last Run
-------------------------------------  -----  ---------  --------  ----------  --------------  -------------------
/opt/airflow/dags/bist100_pipeline.py                           1           0  4.36s           2026-02-09T20:46:04
================================================================================
[2026-02-09T20:47:01.340+0000] {manager.py:879} INFO - 
================================================================================
DAG File Processing Stats

File Path                              PID    Runtime      # DAGs    # Errors  Last Runtime    Last Run
-------------------------------------  -----  ---------  --------  ----------  --------------  -------------------
/opt/airflow/dags/bist100_pipeline.py                           1           0  3.49s           2026-02-09T20:46:38
================================================================================
[2026-02-09T20:47:31.892+0000] {manager.py:879} INFO - 
================================================================================
DAG File Processing Stats

File Path                              PID    Runtime      # DAGs    # Errors  Last Runtime    Last Run
-------------------------------------  -----  ---------  --------  ----------  --------------  -------------------
/opt/airflow/dags/bist100_pipeline.py                           1           0  5.75s           2026-02-09T20:47:14
================================================================================
[2026-02-09T20:48:02.302+0000] {manager.py:879} INFO - 
================================================================================
DAG File Processing Stats

File Path                              PID    Runtime      # DAGs    # Errors  Last Runtime    Last Run
-------------------------------------  -----  ---------  --------  ----------  --------------  -------------------
/opt/airflow/dags/bist100_pipeline.py                           1           0  10.88s          2026-02-09T20:47:56
================================================================================
[2026-02-09T20:48:32.511+0000] {manager.py:879} INFO - 
================================================================================
DAG File Processing Stats

File Path                              PID    Runtime      # DAGs    # Errors  Last Runtime    Last Run
-------------------------------------  -----  ---------  --------  ----------  --------------  -------------------
/opt/airflow/dags/bist100_pipeline.py                           1           0  4.07s           2026-02-09T20:48:31
================================================================================
[2026-02-09T20:49:05.534+0000] {manager.py:879} INFO - 
================================================================================
DAG File Processing Stats

File Path                                PID  Runtime      # DAGs    # Errors  Last Runtime    Last Run
-------------------------------------  -----  ---------  --------  ----------  --------------  -------------------
/opt/airflow/dags/bist100_pipeline.py     40  3.99s             1           0  4.07s           2026-02-09T20:48:31
================================================================================
[2026-02-09T20:49:35.907+0000] {manager.py:879} INFO - 
================================================================================
DAG File Processing Stats

File Path                              PID    Runtime      # DAGs    # Errors  Last Runtime    Last Run
-------------------------------------  -----  ---------  --------  ----------  --------------  -------------------
/opt/airflow/dags/bist100_pipeline.py                           1           0  7.62s           2026-02-09T20:49:09
================================================================================
[2026-02-09T20:50:06.851+0000] {manager.py:879} INFO - 
================================================================================
DAG File Processing Stats

File Path                              PID    Runtime      # DAGs    # Errors  Last Runtime    Last Run
-------------------------------------  -----  ---------  --------  ----------  --------------  -------------------
/opt/airflow/dags/bist100_pipeline.py                           1           0  16.03s          2026-02-09T20:49:55
================================================================================
[2026-02-09T20:50:29.450+0000] {manager.py:738} INFO - Searching for files in /opt/airflow/dags
[2026-02-09T20:50:29.471+0000] {manager.py:741} INFO - There are 1 files in /opt/airflow/dags
[2026-02-09T20:50:37.369+0000] {manager.py:879} INFO - 
================================================================================
DAG File Processing Stats

File Path                              PID    Runtime      # DAGs    # Errors  Last Runtime    Last Run
-------------------------------------  -----  ---------  --------  ----------  --------------  -------------------
/opt/airflow/dags/bist100_pipeline.py                           1           0  3.83s           2026-02-09T20:50:30
================================================================================
