[2026-02-13T14:08:22.787+0300] {taskinstance.py:1956} INFO - Dependencies all met for dep_context=non-requeueable deps ti=<TaskInstance: bist100_v1.fetch_and_scrape scheduled__2026-02-12T00:00:00+00:00 [queued]>
[2026-02-13T14:08:22.792+0300] {taskinstance.py:1956} INFO - Dependencies all met for dep_context=requeueable deps ti=<TaskInstance: bist100_v1.fetch_and_scrape scheduled__2026-02-12T00:00:00+00:00 [queued]>
[2026-02-13T14:08:22.793+0300] {taskinstance.py:2170} INFO - Starting attempt 1 of 1
[2026-02-13T14:08:22.806+0300] {taskinstance.py:2191} INFO - Executing <Task(PythonOperator): fetch_and_scrape> on 2026-02-12 00:00:00+00:00
[2026-02-13T14:08:22.814+0300] {standard_task_runner.py:60} INFO - Started process 42886 to run task
[2026-02-13T14:08:22.827+0300] {standard_task_runner.py:87} INFO - Running: ['airflow', 'tasks', 'run', 'bist100_v1', 'fetch_and_scrape', 'scheduled__2026-02-12T00:00:00+00:00', '--job-id', '3', '--raw', '--subdir', 'DAGS_FOLDER/bist100_pipeline.py', '--cfg-path', '/var/folders/s9/wz1k655d35d6xt768r8wpj940000gn/T/tmphjhwdf1z']
[2026-02-13T14:08:22.834+0300] {standard_task_runner.py:88} INFO - Job 3: Subtask fetch_and_scrape
[2026-02-13T14:08:22.867+0300] {task_command.py:423} INFO - Running <TaskInstance: bist100_v1.fetch_and_scrape scheduled__2026-02-12T00:00:00+00:00 [running]> on host aliemre.local
[2026-02-13T14:08:23.257+0300] {taskinstance.py:2480} INFO - Exporting env vars: AIRFLOW_CTX_DAG_OWNER='airflow' AIRFLOW_CTX_DAG_ID='bist100_v1' AIRFLOW_CTX_TASK_ID='fetch_and_scrape' AIRFLOW_CTX_EXECUTION_DATE='2026-02-12T00:00:00+00:00' AIRFLOW_CTX_TRY_NUMBER='1' AIRFLOW_CTX_DAG_RUN_ID='scheduled__2026-02-12T00:00:00+00:00'
[2026-02-13T14:08:23.258+0300] {logging_mixin.py:188} INFO - TradingView haber sayfası çekiliyor...
[2026-02-13T14:08:31.894+0300] {logging_mixin.py:188} INFO -   Sayfa kaydırıldı (1/3)
[2026-02-13T14:08:34.276+0300] {logging_mixin.py:188} INFO -   Sayfa kaydırıldı (2/3)
[2026-02-13T14:08:36.374+0300] {logging_mixin.py:188} INFO -   Sayfa kaydırıldı (3/3)
[2026-02-13T14:08:36.428+0300] {logging_mixin.py:188} INFO - ✅ Haber sayfası kaydedildi: /Users/aliemre2023/Desktop/apache_project/bist100_airflow/src/scraper/data/content.txt
[2026-02-13T14:08:36.432+0300] {logging_mixin.py:188} INFO -    Dosya boyutu: 289764 karakter
[2026-02-13T14:13:52.505+0300] {process_utils.py:131} INFO - Sending Signals.SIGTERM to group 42886. PIDs of all processes in the group: [42887, 42886]
[2026-02-13T14:13:52.543+0300] {process_utils.py:86} INFO - Sending the signal Signals.SIGTERM to group 42886
[2026-02-13T14:13:57.442+0300] {taskinstance.py:1946} INFO - Dependencies not met for <TaskInstance: bist100_v1.fetch_and_scrape scheduled__2026-02-12T00:00:00+00:00 [running]>, dependency 'Task Instance State' FAILED: Task is in the 'running' state.
[2026-02-13T14:13:57.443+0300] {taskinstance.py:1946} INFO - Dependencies not met for <TaskInstance: bist100_v1.fetch_and_scrape scheduled__2026-02-12T00:00:00+00:00 [running]>, dependency 'Task Instance Not Running' FAILED: Task is in the running state
[2026-02-13T14:13:57.443+0300] {local_task_job_runner.py:160} INFO - Task is not able to be run
